<?xml version="1.0" encoding="UTF-8"?>
<!-- Generated by org.testng.reporters.JUnitReportReporter -->
<testsuite hostname="Transcend" failures="0" tests="3" name="com.erp.testcases.TC3_LoginWithReadWriteInExcel" time="28.174" errors="0" timestamp="2026-07-16T16:05:04 IST" skipped="0">
  <testcase classname="com.erp.testcases.TC3_LoginWithReadWriteInExcel" name="verifyLoginDDT" time="20.683"/>
  <testcase classname="com.erp.testcases.TC3_LoginWithReadWriteInExcel" name="verifyLoginDDT" time="1.121"/>
  <testcase classname="com.erp.testcases.TC3_LoginWithReadWriteInExcel" name="verifyLoginDDT" time="6.370"/>
</testsuite> <!-- com.erp.testcases.TC3_LoginWithReadWriteInExcel -->
