<?xml version="1.0" encoding="UTF-8"?>
<!-- Generated by org.testng.reporters.JUnitReportReporter -->
<testsuite hostname="Transcend" failures="0" tests="3" name="com.erp.testcases.LoginWithDynamiceDataExcel" time="26.097" errors="0" timestamp="2026-07-16T15:56:52 IST" skipped="0">
  <testcase classname="com.erp.testcases.LoginWithDynamiceDataExcel" name="verifyLoginDDT" time="1.416"/>
  <testcase classname="com.erp.testcases.LoginWithDynamiceDataExcel" name="verifyLoginDDT" time="20.818"/>
  <testcase classname="com.erp.testcases.LoginWithDynamiceDataExcel" name="verifyLoginDDT" time="3.863"/>
</testsuite> <!-- com.erp.testcases.LoginWithDynamiceDataExcel -->
