<?xml version="1.0" encoding="UTF-8"?>
<!-- Generated by org.testng.reporters.JUnitReportReporter -->
<testsuite hostname="Transcend" failures="0" tests="3" name="com.erp.testcases.TC3_LoginWithReadWriteInExcel" time="47.399" errors="0" timestamp="2026-07-16T17:12:42 IST" skipped="0">
  <testcase classname="com.erp.testcases.TC3_LoginWithReadWriteInExcel" name="verifyLoginDDT" time="25.009"/>
  <testcase classname="com.erp.testcases.TC3_LoginWithReadWriteInExcel" name="verifyLoginDDT" time="1.767"/>
  <testcase classname="com.erp.testcases.TC3_LoginWithReadWriteInExcel" name="verifyLoginDDT" time="20.623"/>
</testsuite> <!-- com.erp.testcases.TC3_LoginWithReadWriteInExcel -->
