<?xml version="1.0" encoding="UTF-8"?>
<!-- Generated by org.testng.reporters.JUnitXMLReporter -->
<testsuite ignored="0" hostname="Transcend" failures="1" tests="9" name="Login" time="122.555" errors="0" timestamp="2026-07-16T17:12:42 IST">
  <testcase classname="com.erp.testcases.TC1_LoginTestCase" name="verifyLogin" time="8.993"/>
  <testcase classname="com.erp.testcases.TC2_LoginWithDataDriven" name="verifyLoginDDT" time="6.616"/>
  <testcase classname="com.erp.testcases.TC2_LoginWithDataDriven" name="verifyLoginDDT" time="1.396"/>
  <testcase classname="com.erp.testcases.TC2_LoginWithDataDriven" name="verifyLoginDDT" time="20.828">
    <skipped/>
  </testcase> <!-- verifyLoginDDT -->
  <testcase classname="com.erp.testcases.TC2_LoginWithDataDriven" name="verifyLoginDDT" time="0.063">
    <skipped/>
  </testcase> <!-- verifyLoginDDT -->
  <testcase classname="com.erp.testcases.TC2_LoginWithDataDriven" name="verifyLoginDDT" time="0.048">
    <failure type="org.openqa.selenium.InvalidElementStateException" message="invalid element state: Element is not currently interactable and may not be manipulated
  (Session info: chrome=150.0.7871.115)
Build info: version: &amp;apos;4.21.0&amp;apos;, revision: &amp;apos;79ed462ef4&amp;apos;
System info: os.name: &amp;apos;Windows 11&amp;apos;, os.arch: &amp;apos;amd64&amp;apos;, os.version: &amp;apos;10.0&amp;apos;, java.version: &amp;apos;21.0.8&amp;apos;
Driver info: org.openqa.selenium.chrome.ChromeDriver
Command: [bfb7b48bb263471bf84bc6947486bbc1, clearElement {id=f.86C8BDFDB1A6236DF66FDFA594C32457.d.4CF00593805C87A931AF95D1EA67F817.e.181}]
Capabilities {acceptInsecureCerts: false, browserName: chrome, browserVersion: 150.0.7871.115, chrome: {chromedriverVersion: 150.0.7871.124 (9261fd0a595..., userDataDir: C:\Users\TRANSC~1\AppData\L...}, fedcm:accounts: true, goog:chromeOptions: {debuggerAddress: localhost:63578}, goog:processID: 5960, networkConnectionEnabled: false, pageLoadStrategy: normal, platformName: windows, proxy: Proxy(), se:cdp: ws://localhost:63578/devtoo..., se:cdpVersion: 150.0.7871.115, setWindowRect: true, strictFileInteractability: false, timeouts: {implicit: 0, pageLoad: 300000, script: 30000}, unhandledPromptBehavior: dismiss and notify, webauthn:extension:credBlob: true, webauthn:extension:largeBlob: true, webauthn:extension:minPinLength: true, webauthn:extension:prf: true, webauthn:virtualAuthenticators: true}
Element: [[ChromeDriver: chrome on windows (bfb7b48bb263471bf84bc6947486bbc1)] -&amp;gt; id: R_txtLogin]
Session ID: bfb7b48bb263471bf84bc6947486bbc1">
      <![CDATA[org.openqa.selenium.InvalidElementStateException: invalid element state: Element is not currently interactable and may not be manipulated
  (Session info: chrome=150.0.7871.115)
Build info: version: '4.21.0', revision: '79ed462ef4'
System info: os.name: 'Windows 11', os.arch: 'amd64', os.version: '10.0', java.version: '21.0.8'
Driver info: org.openqa.selenium.chrome.ChromeDriver
Command: [bfb7b48bb263471bf84bc6947486bbc1, clearElement {id=f.86C8BDFDB1A6236DF66FDFA594C32457.d.4CF00593805C87A931AF95D1EA67F817.e.181}]
Capabilities {acceptInsecureCerts: false, browserName: chrome, browserVersion: 150.0.7871.115, chrome: {chromedriverVersion: 150.0.7871.124 (9261fd0a595..., userDataDir: C:\Users\TRANSC~1\AppData\L...}, fedcm:accounts: true, goog:chromeOptions: {debuggerAddress: localhost:63578}, goog:processID: 5960, networkConnectionEnabled: false, pageLoadStrategy: normal, platformName: windows, proxy: Proxy(), se:cdp: ws://localhost:63578/devtoo..., se:cdpVersion: 150.0.7871.115, setWindowRect: true, strictFileInteractability: false, timeouts: {implicit: 0, pageLoad: 300000, script: 30000}, unhandledPromptBehavior: dismiss and notify, webauthn:extension:credBlob: true, webauthn:extension:largeBlob: true, webauthn:extension:minPinLength: true, webauthn:extension:prf: true, webauthn:virtualAuthenticators: true}
Element: [[ChromeDriver: chrome on windows (bfb7b48bb263471bf84bc6947486bbc1)] -> id: R_txtLogin]
Session ID: bfb7b48bb263471bf84bc6947486bbc1
at org.openqa.selenium.remote.ErrorCodec.decode(ErrorCodec.java:167)
at org.openqa.selenium.remote.codec.w3c.W3CHttpResponseCodec.decode(W3CHttpResponseCodec.java:138)
at org.openqa.selenium.remote.codec.w3c.W3CHttpResponseCodec.decode(W3CHttpResponseCodec.java:50)
at org.openqa.selenium.remote.HttpCommandExecutor.execute(HttpCommandExecutor.java:190)
at org.openqa.selenium.remote.service.DriverCommandExecutor.invokeExecute(DriverCommandExecutor.java:216)
at org.openqa.selenium.remote.service.DriverCommandExecutor.execute(DriverCommandExecutor.java:174)
at org.openqa.selenium.remote.RemoteWebDriver.execute(RemoteWebDriver.java:518)
at org.openqa.selenium.remote.RemoteWebElement.execute(RemoteWebElement.java:223)
at org.openqa.selenium.remote.RemoteWebElement.clear(RemoteWebElement.java:129)
at org.openqa.selenium.support.pagefactory.internal.LocatingElementHandler.invoke(LocatingElementHandler.java:51)
at jdk.proxy2/jdk.proxy2.$Proxy31.clear(Unknown Source)
at com.erp.utilities.WaitHelper.sendKeys(WaitHelper.java:49)
at com.erp.pages.LoginPage.enterUsername(LoginPage.java:44)
at com.erp.pages.LoginPage.loginWith(LoginPage.java:60)
at com.erp.testcases.TC2_LoginWithDataDriven.verifyLoginDDT(TC2_LoginWithDataDriven.java:25)
at java.base/java.util.ArrayList.forEach(ArrayList.java:1596)
... Removed 30 stack frames]]>
    </failure>
  </testcase> <!-- verifyLoginDDT -->
  <testcase classname="com.erp.testcases.TC3_LoginWithReadWriteInExcel" name="verifyLoginDDT" time="25.009"/>
  <testcase classname="com.erp.testcases.TC3_LoginWithReadWriteInExcel" name="verifyLoginDDT" time="20.623"/>
  <testcase classname="com.erp.testcases.TC3_LoginWithReadWriteInExcel" name="verifyLoginDDT" time="1.767"/>
</testsuite> <!-- Login -->
