<?xml version="1.0" encoding="UTF-8"?>
<!-- Generated by org.testng.reporters.JUnitXMLReporter -->
<testsuite ignored="0" hostname="DESKTOP-HJ9JQU3" failures="0" tests="9" name="sanity" time="10.672" errors="0" timestamp="2024-04-24T18:53:12 IST">
  <testcase classname="com.erp.baseclass.BaseClass" name="@BeforeClass setUp" time="9.899">
    <failure type="org.openqa.selenium.SessionNotCreatedException" message="Could not start a new session. Response code 500. Message: Failed to decode response from marionette 
Host info: host: &amp;apos;DESKTOP-HJ9JQU3&amp;apos;, ip: &amp;apos;192.168.100.19&amp;apos;
Build info: version: &amp;apos;4.8.3&amp;apos;, revision: &amp;apos;e5e76298c3&amp;apos;
System info: os.name: &amp;apos;Windows 10&amp;apos;, os.arch: &amp;apos;amd64&amp;apos;, os.version: &amp;apos;10.0&amp;apos;, java.version: &amp;apos;19.0.2&amp;apos;
Driver info: org.openqa.selenium.firefox.FirefoxDriver
Command: [null, newSession {capabilities=[Capabilities {acceptInsecureCerts: true, browserName: firefox, moz:debuggerAddress: true, moz:firefoxOptions: {}}], desiredCapabilities=Capabilities {acceptInsecureCerts: true, browserName: firefox, moz:debuggerAddress: true, moz:firefoxOptions: {}}}]">
      <![CDATA[org.openqa.selenium.SessionNotCreatedException: Could not start a new session. Response code 500. Message: Failed to decode response from marionette 
Host info: host: 'DESKTOP-HJ9JQU3', ip: '192.168.100.19'
Build info: version: '4.8.3', revision: 'e5e76298c3'
System info: os.name: 'Windows 10', os.arch: 'amd64', os.version: '10.0', java.version: '19.0.2'
Driver info: org.openqa.selenium.firefox.FirefoxDriver
Command: [null, newSession {capabilities=[Capabilities {acceptInsecureCerts: true, browserName: firefox, moz:debuggerAddress: true, moz:firefoxOptions: {}}], desiredCapabilities=Capabilities {acceptInsecureCerts: true, browserName: firefox, moz:debuggerAddress: true, moz:firefoxOptions: {}}}]
at org.openqa.selenium.remote.ProtocolHandshake.createSession(ProtocolHandshake.java:148)
at org.openqa.selenium.remote.ProtocolHandshake.createSession(ProtocolHandshake.java:106)
at org.openqa.selenium.remote.ProtocolHandshake.createSession(ProtocolHandshake.java:67)
at org.openqa.selenium.remote.HttpCommandExecutor.execute(HttpCommandExecutor.java:165)
at org.openqa.selenium.remote.service.DriverCommandExecutor.invokeExecute(DriverCommandExecutor.java:183)
at org.openqa.selenium.remote.service.DriverCommandExecutor.execute(DriverCommandExecutor.java:158)
at org.openqa.selenium.remote.RemoteWebDriver.execute(RemoteWebDriver.java:543)
at org.openqa.selenium.remote.RemoteWebDriver.startSession(RemoteWebDriver.java:229)
at org.openqa.selenium.remote.RemoteWebDriver.<init>(RemoteWebDriver.java:157)
at org.openqa.selenium.firefox.FirefoxDriver.<init>(FirefoxDriver.java:150)
at org.openqa.selenium.firefox.FirefoxDriver.<init>(FirefoxDriver.java:146)
at org.openqa.selenium.firefox.FirefoxDriver.<init>(FirefoxDriver.java:131)
at org.openqa.selenium.firefox.FirefoxDriver.<init>(FirefoxDriver.java:127)
at org.openqa.selenium.firefox.FirefoxDriver.<init>(FirefoxDriver.java:112)
at org.openqa.selenium.firefox.FirefoxDriver.<init>(FirefoxDriver.java:102)
at com.erp.baseclass.BaseClass.setUp(BaseClass.java:47)
at java.base/java.util.ArrayList.forEach(ArrayList.java:1511)
... Removed 23 stack frames]]>
    </failure>
  </testcase> <!-- @BeforeClass setUp -->
  <testcase classname="com.erp.baseclass.BaseClass" name="@AfterClass tearDown" time="-1.713964992572E9">
    <skipped/>
  </testcase> <!-- @AfterClass tearDown -->
  <testcase classname="com.erp.testcases.SendToAllTestCaseWithDataDriven" name="loginDDT" time="0.0">
    <skipped/>
  </testcase> <!-- loginDDT -->
  <testcase classname="com.erp.testcases.SendToAllTestCaseWithDataDriven" name="loginDDT" time="0.0">
    <skipped/>
  </testcase> <!-- loginDDT -->
  <testcase classname="com.erp.testcases.SendToAllTestCaseWithDataDriven" name="loginDDT" time="0.0">
    <skipped/>
  </testcase> <!-- loginDDT -->
  <testcase classname="com.erp.testcases.SendToAllTestCaseWithDataDriven" name="loginDDT" time="0.0">
    <skipped/>
  </testcase> <!-- loginDDT -->
  <testcase classname="com.erp.testcases.SendToAllTestCaseWithDataDriven" name="loginDDT" time="0.0">
    <skipped/>
  </testcase> <!-- loginDDT -->
  <testcase classname="com.erp.testcases.SendToAllTestCaseWithDataDriven" name="loginDDT" time="0.0">
    <skipped/>
  </testcase> <!-- loginDDT -->
  <testcase classname="com.erp.testcases.SendToAllTestCaseWithDataDriven" name="loginDDT" time="0.0">
    <skipped/>
  </testcase> <!-- loginDDT -->
  <testcase classname="com.erp.testcases.SendToAllTestCaseWithDataDriven" name="loginDDT" time="0.0">
    <skipped/>
  </testcase> <!-- loginDDT -->
  <testcase classname="com.erp.testcases.SendToAllTestCaseWithDataDriven" name="loginDDT" time="0.0">
    <skipped/>
  </testcase> <!-- loginDDT -->
</testsuite> <!-- sanity -->
