<?xml version="1.0" encoding="UTF-8"?>
<!-- Generated by org.testng.reporters.JUnitXMLReporter -->
<testsuite ignored="0" hostname="DESKTOP-HJ9JQU3" failures="1" tests="1" name="Smoke_Testing" time="11.107" errors="0" timestamp="2024-01-16T15:57:37 IST">
  <testcase classname="com.erp.testcases.LoginTestCase" name="loginTest" time="4.234">
    <failure type="java.lang.AssertionError" message="expected [true] but found [false]">
      <![CDATA[java.lang.AssertionError: expected [true] but found [false]
at com.erp.testcases.LoginTestCase.loginTest(LoginTestCase.java:39)
at java.base/java.util.ArrayList.forEach(ArrayList.java:1511)
... Removed 29 stack frames]]>
    </failure>
  </testcase> <!-- loginTest -->
</testsuite> <!-- Smoke_Testing -->
