<?xml version="1.0" encoding="UTF-8"?>
<!-- Generated by org.testng.reporters.JUnitXMLReporter -->
<testsuite ignored="0" hostname="Transcend" failures="2" tests="11" name="Login" time="397.428" errors="0" timestamp="2026-07-23T16:37:27 IST">
  <testcase classname="com.erp.testcases.TC2_LoginWithDataDriven" name="verifyLoginDDT" time="14.504"/>
  <testcase classname="com.erp.testcases.TC2_LoginWithDataDriven" name="verifyLoginDDT" time="15.741"/>
  <testcase classname="com.erp.testcases.TC2_LoginWithDataDriven" name="verifyLoginDDT" time="21.532"/>
  <testcase classname="com.erp.testcases.TC3_LoginWithReadWriteInExcel" name="verifyLoginDDT" time="30.799">
    <skipped/>
  </testcase> <!-- verifyLoginDDT -->
  <testcase classname="com.erp.testcases.TC3_LoginWithReadWriteInExcel" name="verifyLoginDDT" time="30.705">
    <failure type="java.lang.AssertionError" message="Valid Login Failed">
      <![CDATA[java.lang.AssertionError: Valid Login Failed
at com.erp.testcases.TC3_LoginWithReadWriteInExcel.verifyLoginDDT(TC3_LoginWithReadWriteInExcel.java:47)
at java.base/java.util.concurrent.Executors$RunnableAdapter.call(Executors.java:572)
at java.base/java.util.concurrent.FutureTask.run(FutureTask.java:317)
at java.base/java.util.concurrent.ThreadPoolExecutor.runWorker(ThreadPoolExecutor.java:1144)
at java.base/java.util.concurrent.ThreadPoolExecutor$Worker.run(ThreadPoolExecutor.java:642)
at java.base/java.lang.Thread.run(Thread.java:1583)
... Removed 12 stack frames]]>
    </failure>
  </testcase> <!-- verifyLoginDDT -->
  <testcase classname="com.erp.testcases.TC3_LoginWithReadWriteInExcel" name="verifyLoginDDT" time="31.146"/>
  <testcase classname="com.erp.testcases.TC3_LoginWithReadWriteInExcel" name="verifyLoginDDT" time="23.452"/>
  <testcase classname="com.erp.testcases.TC3_LoginWithReadWriteInExcel" name="verifyLoginDDT" time="7.502"/>
  <testcase classname="com.erp.testcases.TC4_SaleDataMaster" name="verifySaleDateMasterCreation" time="38.194">
    <skipped/>
  </testcase> <!-- verifySaleDateMasterCreation -->
  <testcase classname="com.erp.testcases.TC4_SaleDataMaster" name="verifySaleDateMasterCreation" time="49.176">
    <failure type="org.openqa.selenium.TimeoutException" message="Expected condition failed: waiting for visibility of [[ChromeDriver: chrome on windows (e3905ff671942f18ee1918bc5961bd55)] -&amp;gt; id: ctl00_ContentPlaceHolder1_lblMsg] (tried for 30 second(s) with 500 milliseconds interval)
Build info: version: &amp;apos;4.21.0&amp;apos;, revision: &amp;apos;79ed462ef4&amp;apos;
System info: os.name: &amp;apos;Windows 11&amp;apos;, os.arch: &amp;apos;amd64&amp;apos;, os.version: &amp;apos;10.0&amp;apos;, java.version: &amp;apos;21.0.8&amp;apos;
Driver info: org.openqa.selenium.chrome.ChromeDriver
Capabilities {acceptInsecureCerts: false, browserName: chrome, browserVersion: 150.0.7871.129, chrome: {chromedriverVersion: 150.0.7871.124 (9261fd0a595..., userDataDir: C:\Users\TRANSC~1\AppData\L...}, fedcm:accounts: true, goog:chromeOptions: {debuggerAddress: localhost:63662}, goog:processID: 15276, networkConnectionEnabled: false, pageLoadStrategy: normal, platformName: windows, proxy: Proxy(), se:cdp: ws://localhost:63662/devtoo..., se:cdpVersion: 150.0.7871.129, setWindowRect: true, strictFileInteractability: false, timeouts: {implicit: 0, pageLoad: 300000, script: 30000}, unhandledPromptBehavior: dismiss and notify, webauthn:extension:credBlob: true, webauthn:extension:largeBlob: true, webauthn:extension:minPinLength: true, webauthn:extension:prf: true, webauthn:virtualAuthenticators: true}
Session ID: e3905ff671942f18ee1918bc5961bd55">
      <![CDATA[org.openqa.selenium.TimeoutException: Expected condition failed: waiting for visibility of [[ChromeDriver: chrome on windows (e3905ff671942f18ee1918bc5961bd55)] -> id: ctl00_ContentPlaceHolder1_lblMsg] (tried for 30 second(s) with 500 milliseconds interval)
Build info: version: '4.21.0', revision: '79ed462ef4'
System info: os.name: 'Windows 11', os.arch: 'amd64', os.version: '10.0', java.version: '21.0.8'
Driver info: org.openqa.selenium.chrome.ChromeDriver
Capabilities {acceptInsecureCerts: false, browserName: chrome, browserVersion: 150.0.7871.129, chrome: {chromedriverVersion: 150.0.7871.124 (9261fd0a595..., userDataDir: C:\Users\TRANSC~1\AppData\L...}, fedcm:accounts: true, goog:chromeOptions: {debuggerAddress: localhost:63662}, goog:processID: 15276, networkConnectionEnabled: false, pageLoadStrategy: normal, platformName: windows, proxy: Proxy(), se:cdp: ws://localhost:63662/devtoo..., se:cdpVersion: 150.0.7871.129, setWindowRect: true, strictFileInteractability: false, timeouts: {implicit: 0, pageLoad: 300000, script: 30000}, unhandledPromptBehavior: dismiss and notify, webauthn:extension:credBlob: true, webauthn:extension:largeBlob: true, webauthn:extension:minPinLength: true, webauthn:extension:prf: true, webauthn:virtualAuthenticators: true}
Session ID: e3905ff671942f18ee1918bc5961bd55
at org.openqa.selenium.support.ui.WebDriverWait.timeoutException(WebDriverWait.java:84)
at org.openqa.selenium.support.ui.FluentWait.until(FluentWait.java:228)
at com.erp.utilities.WaitHelper.waitForVisibility(WaitHelper.java:31)
at com.erp.pages.SaleDateMasterPage.waitForSaveSuccess(SaleDateMasterPage.java:157)
at com.erp.testcases.TC4_SaleDataMaster.verifySaleDateMasterCreation(TC4_SaleDataMaster.java:54)
at java.base/java.util.concurrent.Executors$RunnableAdapter.call(Executors.java:572)
at java.base/java.util.concurrent.FutureTask.run(FutureTask.java:317)
at java.base/java.util.concurrent.ThreadPoolExecutor.runWorker(ThreadPoolExecutor.java:1144)
at java.base/java.util.concurrent.ThreadPoolExecutor$Worker.run(ThreadPoolExecutor.java:642)
at java.base/java.lang.Thread.run(Thread.java:1583)
... Removed 11 stack frames]]>
    </failure>
  </testcase> <!-- verifySaleDateMasterCreation -->
  <testcase classname="com.erp.testcases.TC1_LoginTestCase" name="verifyLogin" time="14.73"/>
</testsuite> <!-- Login -->
