<?xml version="1.0" encoding="UTF-8"?>
<!-- Generated by org.testng.reporters.JUnitXMLReporter -->
<testsuite ignored="0" hostname="Transcend" failures="3" tests="14" name="Login" time="384.727" errors="0" timestamp="2026-07-21T12:03:22 IST">
  <testcase classname="com.erp.testcases.TC1_LoginTestCase" name="verifyLogin" time="27.885"/>
  <testcase classname="com.erp.testcases.TC2_LoginWithDataDriven" name="verifyLoginDDT" time="30.577">
    <skipped/>
  </testcase> <!-- verifyLoginDDT -->
  <testcase classname="com.erp.testcases.TC2_LoginWithDataDriven" name="verifyLoginDDT" time="30.829">
    <skipped/>
  </testcase> <!-- verifyLoginDDT -->
  <testcase classname="com.erp.testcases.TC2_LoginWithDataDriven" name="verifyLoginDDT" time="30.421">
    <failure type="org.openqa.selenium.TimeoutException" message="Expected condition failed: waiting for title to contain &amp;quot;Forest Corporation&amp;quot;. Current title: &amp;quot;UPFC ERP&amp;quot; (tried for 30 second(s) with 500 milliseconds interval)
Build info: version: &amp;apos;4.21.0&amp;apos;, revision: &amp;apos;79ed462ef4&amp;apos;
System info: os.name: &amp;apos;Windows 11&amp;apos;, os.arch: &amp;apos;amd64&amp;apos;, os.version: &amp;apos;10.0&amp;apos;, java.version: &amp;apos;21.0.8&amp;apos;
Driver info: org.openqa.selenium.chrome.ChromeDriver
Capabilities {acceptInsecureCerts: false, browserName: chrome, browserVersion: 150.0.7871.125, chrome: {chromedriverVersion: 150.0.7871.124 (9261fd0a595..., userDataDir: C:\Users\TRANSC~1\AppData\L...}, fedcm:accounts: true, goog:chromeOptions: {debuggerAddress: localhost:56792}, goog:processID: 7920, networkConnectionEnabled: false, pageLoadStrategy: normal, platformName: windows, proxy: Proxy(), se:cdp: ws://localhost:56792/devtoo..., se:cdpVersion: 150.0.7871.125, setWindowRect: true, strictFileInteractability: false, timeouts: {implicit: 0, pageLoad: 300000, script: 30000}, unhandledPromptBehavior: dismiss and notify, webauthn:extension:credBlob: true, webauthn:extension:largeBlob: true, webauthn:extension:minPinLength: true, webauthn:extension:prf: true, webauthn:virtualAuthenticators: true}
Session ID: 3e17c793b8540cf000c723bc37b565c1">
      <![CDATA[org.openqa.selenium.TimeoutException: Expected condition failed: waiting for title to contain "Forest Corporation". Current title: "UPFC ERP" (tried for 30 second(s) with 500 milliseconds interval)
Build info: version: '4.21.0', revision: '79ed462ef4'
System info: os.name: 'Windows 11', os.arch: 'amd64', os.version: '10.0', java.version: '21.0.8'
Driver info: org.openqa.selenium.chrome.ChromeDriver
Capabilities {acceptInsecureCerts: false, browserName: chrome, browserVersion: 150.0.7871.125, chrome: {chromedriverVersion: 150.0.7871.124 (9261fd0a595..., userDataDir: C:\Users\TRANSC~1\AppData\L...}, fedcm:accounts: true, goog:chromeOptions: {debuggerAddress: localhost:56792}, goog:processID: 7920, networkConnectionEnabled: false, pageLoadStrategy: normal, platformName: windows, proxy: Proxy(), se:cdp: ws://localhost:56792/devtoo..., se:cdpVersion: 150.0.7871.125, setWindowRect: true, strictFileInteractability: false, timeouts: {implicit: 0, pageLoad: 300000, script: 30000}, unhandledPromptBehavior: dismiss and notify, webauthn:extension:credBlob: true, webauthn:extension:largeBlob: true, webauthn:extension:minPinLength: true, webauthn:extension:prf: true, webauthn:virtualAuthenticators: true}
Session ID: 3e17c793b8540cf000c723bc37b565c1
at org.openqa.selenium.support.ui.WebDriverWait.timeoutException(WebDriverWait.java:84)
at org.openqa.selenium.support.ui.FluentWait.until(FluentWait.java:228)
at com.erp.utilities.WaitHelper.waitForTitle(WaitHelper.java:65)
at com.erp.testcases.TC2_LoginWithDataDriven.verifyLoginDDT(TC2_LoginWithDataDriven.java:26)
at java.base/java.util.ArrayList.forEach(ArrayList.java:1596)
... Removed 25 stack frames]]>
    </failure>
  </testcase> <!-- verifyLoginDDT -->
  <testcase classname="com.erp.testcases.TC2_LoginWithDataDriven" name="verifyLoginDDT" time="11.521"/>
  <testcase classname="com.erp.testcases.TC2_LoginWithDataDriven" name="verifyLoginDDT" time="14.192"/>
  <testcase classname="com.erp.testcases.TC3_LoginWithReadWriteInExcel" name="verifyLoginDDT" time="34.15">
    <skipped/>
  </testcase> <!-- verifyLoginDDT -->
  <testcase classname="com.erp.testcases.TC3_LoginWithReadWriteInExcel" name="verifyLoginDDT" time="30.898">
    <skipped/>
  </testcase> <!-- verifyLoginDDT -->
  <testcase classname="com.erp.testcases.TC3_LoginWithReadWriteInExcel" name="verifyLoginDDT" time="30.634">
    <failure type="java.lang.AssertionError" message="Valid Login Failed">
      <![CDATA[java.lang.AssertionError: Valid Login Failed
at com.erp.testcases.TC3_LoginWithReadWriteInExcel.verifyLoginDDT(TC3_LoginWithReadWriteInExcel.java:46)
at java.base/java.util.ArrayList.forEach(ArrayList.java:1596)
... Removed 26 stack frames]]>
    </failure>
  </testcase> <!-- verifyLoginDDT -->
  <testcase classname="com.erp.testcases.TC3_LoginWithReadWriteInExcel" name="verifyLoginDDT" time="31.008"/>
  <testcase classname="com.erp.testcases.TC3_LoginWithReadWriteInExcel" name="verifyLoginDDT" time="6.239"/>
  <testcase classname="com.erp.testcases.TC4_SaleDataMaster" name="verifySaleDateMasterCreation" time="24.268">
    <skipped/>
  </testcase> <!-- verifySaleDateMasterCreation -->
  <testcase classname="com.erp.testcases.TC4_SaleDataMaster" name="verifySaleDateMasterCreation" time="30.104">
    <skipped/>
  </testcase> <!-- verifySaleDateMasterCreation -->
  <testcase classname="com.erp.testcases.TC4_SaleDataMaster" name="verifySaleDateMasterCreation" time="30.244">
    <failure type="org.openqa.selenium.TimeoutException" message="Expected condition failed: waiting for visibility of Proxy element for: DefaultElementLocator &amp;apos;By.id: R_txtLogin&amp;apos; (tried for 30 second(s) with 500 milliseconds interval)">
      <![CDATA[org.openqa.selenium.TimeoutException: Expected condition failed: waiting for visibility of Proxy element for: DefaultElementLocator 'By.id: R_txtLogin' (tried for 30 second(s) with 500 milliseconds interval)
at org.openqa.selenium.support.ui.WebDriverWait.timeoutException(WebDriverWait.java:84)
at org.openqa.selenium.support.ui.FluentWait.until(FluentWait.java:228)
at com.erp.utilities.WaitHelper.waitForVisibility(WaitHelper.java:31)
at com.erp.utilities.WaitHelper.sendKeys(WaitHelper.java:52)
at com.erp.pages.LoginPage.enterUsername(LoginPage.java:44)
at com.erp.pages.LoginPage.loginWith(LoginPage.java:60)
at com.erp.testcases.TC4_SaleDataMaster.verifySaleDateMasterCreation(TC4_SaleDataMaster.java:24)
at java.base/java.util.ArrayList.forEach(ArrayList.java:1596)
Caused by: org.openqa.selenium.NoSuchElementException: no such element: Unable to locate element: {"method":"css selector","selector":"#R_txtLogin"}
  (Session info: chrome=150.0.7871.125)
For documentation on this error, please visit: https://www.selenium.dev/documentation/webdriver/troubleshooting/errors#no-such-element-exception
Build info: version: '4.21.0', revision: '79ed462ef4'
System info: os.name: 'Windows 11', os.arch: 'amd64', os.version: '10.0', java.version: '21.0.8'
Driver info: org.openqa.selenium.chrome.ChromeDriver
Command: [0cdc551d7cffc2a237b405515d60fe76, findElement {value=R_txtLogin, using=id}]
Capabilities {acceptInsecureCerts: false, browserName: chrome, browserVersion: 150.0.7871.125, chrome: {chromedriverVersion: 150.0.7871.124 (9261fd0a595..., userDataDir: C:\Users\TRANSC~1\AppData\L...}, fedcm:accounts: true, goog:chromeOptions: {debuggerAddress: localhost:57009}, goog:processID: 16372, networkConnectionEnabled: false, pageLoadStrategy: normal, platformName: windows, proxy: Proxy(), se:cdp: ws://localhost:57009/devtoo..., se:cdpVersion: 150.0.7871.125, setWindowRect: true, strictFileInteractability: false, timeouts: {implicit: 0, pageLoad: 300000, script: 30000}, unhandledPromptBehavior: dismiss and notify, webauthn:extension:credBlob: true, webauthn:extension:largeBlob: true, webauthn:extension:minPinLength: true, webauthn:extension:prf: true, webauthn:virtualAuthenticators: true}
Session ID: 0cdc551d7cffc2a237b405515d60fe76
at org.openqa.selenium.remote.ErrorCodec.decode(ErrorCodec.java:167)
at org.openqa.selenium.remote.codec.w3c.W3CHttpResponseCodec.decode(W3CHttpResponseCodec.java:138)
at org.openqa.selenium.remote.codec.w3c.W3CHttpResponseCodec.decode(W3CHttpResponseCodec.java:50)
at org.openqa.selenium.remote.HttpCommandExecutor.execute(HttpCommandExecutor.java:190)
at org.openqa.selenium.remote.service.DriverCommandExecutor.invokeExecute(DriverCommandExecutor.java:216)
at org.openqa.selenium.remote.service.DriverCommandExecutor.execute(DriverCommandExecutor.java:174)
at org.openqa.selenium.remote.RemoteWebDriver.execute(RemoteWebDriver.java:518)
at org.openqa.selenium.remote.ElementLocation$ElementFinder$2.findElement(ElementLocation.java:165)
at org.openqa.selenium.remote.ElementLocation.findElement(ElementLocation.java:59)
at org.openqa.selenium.remote.RemoteWebDriver.findElement(RemoteWebDriver.java:355)
at org.openqa.selenium.remote.RemoteWebDriver.findElement(RemoteWebDriver.java:349)
at org.openqa.selenium.support.pagefactory.DefaultElementLocator.findElement(DefaultElementLocator.java:68)
at org.openqa.selenium.support.pagefactory.internal.LocatingElementHandler.invoke(LocatingElementHandler.java:38)
at jdk.proxy2/jdk.proxy2.$Proxy31.isDisplayed(Unknown Source)
at org.openqa.selenium.support.ui.ExpectedConditions.elementIfVisible(ExpectedConditions.java:304)
at org.openqa.selenium.support.ui.ExpectedConditions$10.apply(ExpectedConditions.java:290)
at org.openqa.selenium.support.ui.ExpectedConditions$10.apply(ExpectedConditions.java:287)
at org.openqa.selenium.support.ui.FluentWait.until(FluentWait.java:203)
... 31 more
... Removed 28 stack frames]]>
    </failure>
  </testcase> <!-- verifySaleDateMasterCreation -->
</testsuite> <!-- Login -->
