<?xml version="1.0" encoding="UTF-8"?>
<!-- Generated by org.testng.reporters.JUnitXMLReporter -->
<testsuite ignored="2" hostname="Transcend" failures="0" tests="0" time="0.779" errors="0" timestamp="2026-08-04T15:46:23 IST">
  <testcase classname="com.erp.testcases.TC6_E_NoteSheetTestCase" name="createE_NoteSheet" time="0.0">
    <ignored/>
  </testcase> <!-- createE_NoteSheet -->
  <testcase classname="com.erp.testcases.TC7_E_NoteSheetStatusTestCase" name="createE_NoteSheet" time="0.0">
    <ignored/>
  </testcase> <!-- createE_NoteSheet -->
</testsuite>
