<?xml version="1.0" encoding="UTF-8"?>
<!-- Generated by org.testng.reporters.JUnitXMLReporter -->
<testsuite ignored="0" hostname="Transcend" failures="0" tests="3" name="Default test" time="31.898" errors="0" timestamp="2026-07-16T15:56:52 IST">
  <testcase classname="com.erp.testcases.LoginWithDynamiceDataExcel" name="verifyLoginDDT" time="3.863"/>
  <testcase classname="com.erp.testcases.LoginWithDynamiceDataExcel" name="verifyLoginDDT" time="20.818"/>
  <testcase classname="com.erp.testcases.LoginWithDynamiceDataExcel" name="verifyLoginDDT" time="1.416"/>
</testsuite> <!-- Default test -->
