<?xml version="1.0" encoding="UTF-8"?>
<testng-results ignored="0" total="1" passed="1" failed="0" skipped="0">
  <reporter-output>
  </reporter-output>
  <suite started-at="2026-07-24T15:24:55 IST" name="Suite" finished-at="2026-07-24T15:25:34 IST" duration-ms="38740">
    <groups>
    </groups>
    <test started-at="2026-07-24T15:24:55 IST" name="Smoke Test" finished-at="2026-07-24T15:25:34 IST" duration-ms="38740">
      <class name="com.erp.testcases.TC1_LoginTestCase">
        <test-method is-config="true" signature="setUp(java.lang.String)[pri:0, instance:com.erp.testcases.TC1_LoginTestCase@2cd76f31]" started-at="2026-07-24T15:24:56 IST" name="setUp" finished-at="2026-07-24T15:25:19 IST" duration-ms="23110" status="PASS">
          <params>
            <param index="0">
              <value>
                <![CDATA[chrome]]>
              </value>
            </param>
          </params>
          <reporter-output>
          </reporter-output>
        </test-method> <!-- setUp -->
        <test-method signature="verifyLogin()[pri:1, instance:com.erp.testcases.TC1_LoginTestCase@2cd76f31]" started-at="2026-07-24T15:25:19 IST" name="verifyLogin" description="Verify Login with Valid Credentials" finished-at="2026-07-24T15:25:34 IST" duration-ms="14630" status="PASS">
          <reporter-output>
          </reporter-output>
        </test-method> <!-- verifyLogin -->
        <test-method is-config="true" signature="tearDown()[pri:0, instance:com.erp.testcases.TC1_LoginTestCase@2cd76f31]" started-at="2026-07-24T15:25:34 IST" name="tearDown" finished-at="2026-07-24T15:25:34 IST" duration-ms="220" status="PASS">
          <reporter-output>
          </reporter-output>
        </test-method> <!-- tearDown -->
      </class> <!-- com.erp.testcases.TC1_LoginTestCase -->
    </test> <!-- Smoke Test -->
  </suite> <!-- Suite -->
</testng-results>
