<?xml version="1.0" encoding="UTF-8"?>
<!-- Generated by org.testng.reporters.JUnitReportReporter -->
<testsuite hostname="Transcend" failures="0" tests="2" name="com.erp.testcases.TC1_LoginTestCase" time="68.951" errors="0" timestamp="2026-07-23T17:50:03 IST" skipped="0">
  <testcase classname="com.erp.testcases.TC1_LoginTestCase" name="verifyLogin" time="29.956"/>
  <testcase classname="com.erp.testcases.TC1_LoginTestCase" name="verifyLogin" time="38.995"/>
</testsuite> <!-- com.erp.testcases.TC1_LoginTestCase -->
