<?xml version="1.0" encoding="UTF-8"?>
<!-- Generated by org.testng.reporters.JUnitReportReporter -->
<testsuite hostname="Transcend" failures="0" tests="3" name="com.erp.testcases.TC2_LoginWithDataDriven" time="76.664" errors="0" timestamp="2026-07-23T16:37:28 IST" skipped="0">
  <testcase classname="com.erp.testcases.TC2_LoginWithDataDriven" name="verifyLoginDDT" time="16.070"/>
  <testcase classname="com.erp.testcases.TC2_LoginWithDataDriven" name="verifyLoginDDT" time="37.598"/>
  <testcase classname="com.erp.testcases.TC2_LoginWithDataDriven" name="verifyLoginDDT" time="22.996"/>
</testsuite> <!-- com.erp.testcases.TC2_LoginWithDataDriven -->
