<?xml version="1.0" encoding="UTF-8"?>
<!-- Generated by org.testng.reporters.JUnitReportReporter -->
<testsuite hostname="Transcend" failures="0" tests="2" name="com.erp.testcases.TC1_LoginTestCase" time="34.291" errors="0" timestamp="2026-08-03T17:52:21 IST" skipped="1">
  <testcase classname="com.erp.testcases.TC1_LoginTestCase" name="verifyLogin" time="11.245">
    <skipped/>
  </testcase> <!-- verifyLogin -->
  <testcase classname="com.erp.testcases.TC1_LoginTestCase" name="verifyLogin" time="23.046"/>
</testsuite> <!-- com.erp.testcases.TC1_LoginTestCase -->
