<?xml version="1.0" encoding="UTF-8"?>
<!-- Generated by org.testng.reporters.JUnitXMLReporter -->
<testsuite ignored="0" hostname="DESKTOP-HJ9JQU3" failures="2" tests="2" name="Test on Firefox Browser(failed)" time="132.994" errors="0" timestamp="2024-11-14T18:05:20 IST">
  <testcase classname="com.erp.testcases.TC2_LoginTestCaseWithDDT" name="loginDDT" time="4.245">
    <failure type="java.nio.file.FileSystemException" message="C:\Users\RANJAN~1\AppData\Local\Temp\screenshot5648592100954255450.png -&amp;gt; C:\Users\ranjantiplin\AutomationFramework\UPERPAutomationWithPawan\Screenshots\loginTestWithDDT .png: The process cannot access the file because it is being used by another process">
      <![CDATA[java.nio.file.FileSystemException: C:\Users\RANJAN~1\AppData\Local\Temp\screenshot5648592100954255450.png -> C:\Users\ranjantiplin\AutomationFramework\UPERPAutomationWithPawan\Screenshots\loginTestWithDDT .png: The process cannot access the file because it is being used by another process
at java.base/sun.nio.fs.WindowsException.translateToIOException(WindowsException.java:92)
at java.base/sun.nio.fs.WindowsException.rethrowAsIOException(WindowsException.java:103)
at java.base/sun.nio.fs.WindowsFileCopy.copy(WindowsFileCopy.java:209)
at java.base/sun.nio.fs.WindowsFileSystemProvider.copy(WindowsFileSystemProvider.java:284)
at java.base/java.nio.file.Files.copy(Files.java:1304)
at org.apache.commons.io.FileUtils.copyFile(FileUtils.java:850)
at org.apache.commons.io.FileUtils.copyFile(FileUtils.java:756)
at com.erp.baseclass.BaseClass.captureScreenshot(BaseClass.java:86)
at com.erp.testcases.TC2_LoginTestCaseWithDDT.loginDDT(TC2_LoginTestCaseWithDDT.java:37)
at java.base/java.util.ArrayList.forEach(ArrayList.java:1511)
at java.base/java.util.concurrent.FutureTask.run(FutureTask.java:317)
at java.base/java.util.concurrent.ThreadPoolExecutor.runWorker(ThreadPoolExecutor.java:1144)
at java.base/java.util.concurrent.ThreadPoolExecutor$Worker.run(ThreadPoolExecutor.java:642)
at java.base/java.lang.Thread.run(Thread.java:1589)
... Removed 16 stack frames]]>
    </failure>
  </testcase> <!-- loginDDT -->
  <testcase classname="com.erp.testcases.TC1_LoginTestCase" name="loginTest" time="21.211">
    <failure type="org.openqa.selenium.remote.UnreachableBrowserException" message="Error communicating with the remote browser. It may have died.
Build info: version: &amp;apos;4.8.3&amp;apos;, revision: &amp;apos;e5e76298c3&amp;apos;
System info: os.name: &amp;apos;Windows 10&amp;apos;, os.arch: &amp;apos;amd64&amp;apos;, os.version: &amp;apos;10.0&amp;apos;, java.version: &amp;apos;19.0.2&amp;apos;
Driver info: org.openqa.selenium.firefox.FirefoxDriver
Command: [b6d97ee2-923b-4aa0-94e6-196be4178381, getTitle {}]
Capabilities {acceptInsecureCerts: true, browserName: firefox, browserVersion: 132.0.2, moz:accessibilityChecks: false, moz:buildID: 20241110231641, moz:geckodriverVersion: 0.35.0, moz:headless: false, moz:platformVersion: 10.0, moz:processID: 12176, moz:profile: C:\Users\RANJAN~1\AppData\L..., moz:shutdownTimeout: 60000, moz:webdriverClick: true, moz:windowless: false, pageLoadStrategy: normal, platformName: WINDOWS, proxy: Proxy(), setWindowRect: true, strictFileInteractability: false, timeouts: {implicit: 0, pageLoad: 300000, script: 30000}, unhandledPromptBehavior: dismiss and notify, userAgent: Mozilla/5.0 (Windows NT 10....}
Session ID: b6d97ee2-923b-4aa0-94e6-196be4178381">
      <![CDATA[org.openqa.selenium.remote.UnreachableBrowserException: Error communicating with the remote browser. It may have died.
Build info: version: '4.8.3', revision: 'e5e76298c3'
System info: os.name: 'Windows 10', os.arch: 'amd64', os.version: '10.0', java.version: '19.0.2'
Driver info: org.openqa.selenium.firefox.FirefoxDriver
Command: [b6d97ee2-923b-4aa0-94e6-196be4178381, getTitle {}]
Capabilities {acceptInsecureCerts: true, browserName: firefox, browserVersion: 132.0.2, moz:accessibilityChecks: false, moz:buildID: 20241110231641, moz:geckodriverVersion: 0.35.0, moz:headless: false, moz:platformVersion: 10.0, moz:processID: 12176, moz:profile: C:\Users\RANJAN~1\AppData\L..., moz:shutdownTimeout: 60000, moz:webdriverClick: true, moz:windowless: false, pageLoadStrategy: normal, platformName: WINDOWS, proxy: Proxy(), setWindowRect: true, strictFileInteractability: false, timeouts: {implicit: 0, pageLoad: 300000, script: 30000}, unhandledPromptBehavior: dismiss and notify, userAgent: Mozilla/5.0 (Windows NT 10....}
Session ID: b6d97ee2-923b-4aa0-94e6-196be4178381
at org.openqa.selenium.remote.RemoteWebDriver.execute(RemoteWebDriver.java:567)
at org.openqa.selenium.remote.RemoteWebDriver.execute(RemoteWebDriver.java:598)
at org.openqa.selenium.remote.RemoteWebDriver.execute(RemoteWebDriver.java:602)
at org.openqa.selenium.remote.RemoteWebDriver.getTitle(RemoteWebDriver.java:302)
at com.erp.testcases.TC1_LoginTestCase.loginTest(TC1_LoginTestCase.java:21)
at java.base/java.util.ArrayList.forEach(ArrayList.java:1511)
at java.base/java.util.concurrent.FutureTask.run(FutureTask.java:317)
at java.base/java.util.concurrent.ThreadPoolExecutor.runWorker(ThreadPoolExecutor.java:1144)
at java.base/java.util.concurrent.ThreadPoolExecutor$Worker.run(ThreadPoolExecutor.java:642)
at java.base/java.lang.Thread.run(Thread.java:1589)
Caused by: java.io.UncheckedIOException: java.net.SocketException: Connection reset
at org.openqa.selenium.remote.http.netty.NettyHttpHandler.makeCall(NettyHttpHandler.java:73)
at org.openqa.selenium.remote.http.AddSeleniumUserAgent.lambda$apply$0(AddSeleniumUserAgent.java:42)
at org.openqa.selenium.remote.http.Filter.lambda$andFinally$1(Filter.java:56)
at org.openqa.selenium.remote.http.netty.NettyHttpHandler.execute(NettyHttpHandler.java:49)
at org.openqa.selenium.remote.http.AddSeleniumUserAgent.lambda$apply$0(AddSeleniumUserAgent.java:42)
at org.openqa.selenium.remote.http.Filter.lambda$andFinally$1(Filter.java:56)
at org.openqa.selenium.remote.http.netty.NettyClient.execute(NettyClient.java:99)
at org.openqa.selenium.remote.HttpCommandExecutor.execute(HttpCommandExecutor.java:190)
at org.openqa.selenium.remote.service.DriverCommandExecutor.invokeExecute(DriverCommandExecutor.java:183)
at org.openqa.selenium.remote.service.DriverCommandExecutor.execute(DriverCommandExecutor.java:158)
at org.openqa.selenium.remote.RemoteWebDriver.execute(RemoteWebDriver.java:543)
... 25 more
Caused by: java.net.SocketException: Connection reset
at java.base/sun.nio.ch.SocketChannelImpl.throwConnectionReset(SocketChannelImpl.java:401)
at java.base/sun.nio.ch.SocketChannelImpl.read(SocketChannelImpl.java:434)
at io.netty.buffer.PooledByteBuf.setBytes(PooledByteBuf.java:256)
at io.netty.buffer.AbstractByteBuf.writeBytes(AbstractByteBuf.java:1132)
at io.netty.channel.socket.nio.NioSocketChannel.doReadBytes(NioSocketChannel.java:357)
at io.netty.channel.nio.AbstractNioByteChannel$NioByteUnsafe.read(AbstractNioByteChannel.java:151)
at io.netty.channel.nio.NioEventLoop.processSelectedKey(NioEventLoop.java:788)
at io.netty.channel.nio.NioEventLoop.processSelectedKeysOptimized(NioEventLoop.java:724)
at io.netty.channel.nio.NioEventLoop.processSelectedKeys(NioEventLoop.java:650)
at io.netty.channel.nio.NioEventLoop.run(NioEventLoop.java:562)
at io.netty.util.concurrent.SingleThreadEventExecutor$4.run(SingleThreadEventExecutor.java:997)
at io.netty.util.internal.ThreadExecutorMap$2.run(ThreadExecutorMap.java:74)
at io.netty.util.concurrent.FastThreadLocalRunnable.run(FastThreadLocalRunnable.java:30)
... 1 more
... Removed 16 stack frames]]>
    </failure>
  </testcase> <!-- loginTest -->
</testsuite> <!-- Test on Firefox Browser(failed) -->
